<?xml version="1.0" encoding="utf-8"?><testsuites name="pytest tests"><testsuite name="pytest" errors="0" failures="0" skipped="0" tests="22" time="3.210" timestamp="2026-04-04T00:16:44.430221+00:00" hostname="agent-env-21b2869c-3161-4c38-b4e0-83e807e4f65a"><testcase classname="backend.tests.test_new_features.TestHealthAndBasics" name="test_api_health" time="0.199" /><testcase classname="backend.tests.test_new_features.TestHealthAndBasics" name="test_api_root" time="0.133" /><testcase classname="backend.tests.test_new_features.TestSeedData" name="test_seed_data" time="0.113" /><testcase classname="backend.tests.test_new_features.TestShareableParticipantLinks" name="test_experiments_have_share_code" time="0.113" /><testcase classname="backend.tests.test_new_features.TestShareableParticipantLinks" name="test_join_experiment_valid_code_jit2026a" time="0.149" /><testcase classname="backend.tests.test_new_features.TestShareableParticipantLinks" name="test_join_experiment_valid_code_scf2026b" time="0.116" /><testcase classname="backend.tests.test_new_features.TestShareableParticipantLinks" name="test_join_experiment_valid_code_fad2026c" time="0.121" /><testcase classname="backend.tests.test_new_features.TestShareableParticipantLinks" name="test_join_experiment_valid_code_ctl2026d" time="0.208" /><testcase classname="backend.tests.test_new_features.TestShareableParticipantLinks" name="test_join_experiment_lowercase_code" time="0.164" /><testcase classname="backend.tests.test_new_features.TestShareableParticipantLinks" name="test_join_experiment_invalid_code" time="0.120" /><testcase classname="backend.tests.test_new_features.TestShareableParticipantLinks" name="test_join_experiment_empty_code" time="0.277" /><testcase classname="backend.tests.test_new_features.TestPDFReportGeneration" name="test_pdf_report_endpoint_returns_pdf" time="0.135" /><testcase classname="backend.tests.test_new_features.TestPDFReportGeneration" name="test_pdf_report_with_experiment_filter" time="0.221" /><testcase classname="backend.tests.test_new_features.TestValidatedDataExport" name="test_validated_research_data_endpoint" time="0.123" /><testcase classname="backend.tests.test_new_features.TestValidatedDataExport" name="test_validated_data_sessions_have_cross_references" time="0.134" /><testcase classname="backend.tests.test_new_features.TestResearcherAuthentication" name="test_researcher_password_works" time="0.104" /><testcase classname="backend.tests.test_new_features.TestExistingEndpoints" name="test_get_experiments" time="0.106" /><testcase classname="backend.tests.test_new_features.TestExistingEndpoints" name="test_get_participants" time="0.103" /><testcase classname="backend.tests.test_new_features.TestExistingEndpoints" name="test_get_sessions" time="0.106" /><testcase classname="backend.tests.test_new_features.TestExistingEndpoints" name="test_analytics_overview" time="0.111" /><testcase classname="backend.tests.test_new_features.TestExistingEndpoints" name="test_offloading_comparison" time="0.101" /><testcase classname="backend.tests.test_new_features.TestExistingEndpoints" name="test_full_research_data_export" time="0.108" /></testsuite></testsuites>